<?xml version="1.0" encoding="UTF-8"?>
<!-- Generated by org.testng.reporters.JUnitReportReporter -->
<testsuite hostname="m-C02T75Y2G8WN" name="com.asif.spring.starterproject.SimpleTest" tests="1" failures="0" timestamp="10 Feb 2020 15:03:56 GMT" time="0.013" errors="0">
  <testcase name="test1" time="0.013" classname="com.asif.spring.starterproject.SimpleTest"/>
</testsuite> <!-- com.asif.spring.starterproject.SimpleTest -->
